[2025-08-06 22:40:25] [INFO] === Starting Git backup for AnonChat ===
[2025-08-06 22:40:26] [INFO] Current branch: main
[2025-08-06 22:40:26] [INFO] Creating commit: 🛡️ Improved ChatCore protection system
[2025-08-06 22:40:26] [INFO] Adding files to index...
[2025-08-06 22:40:26] [INFO] Creating commit...
[2025-08-06 22:40:26] [SUCCESS] Commit created successfully
[2025-08-06 22:40:26] [INFO] Pushing changes to branch: main
[2025-08-06 22:40:31] [SUCCESS] Changes pushed successfully
[2025-08-06 22:40:31] [SUCCESS] === Git backup completed successfully ===
[2025-08-06 22:40:31] [SUCCESS] Backup completed successfully
[2025-08-06 22:40:39] [INFO] === Starting Git backup for AnonChat ===
[2025-08-06 22:40:40] [INFO] Current branch: main
[2025-08-06 22:40:40] [INFO] Generated commit message: Auto backup - 2025-08-06 22:40:40
[2025-08-06 22:40:40] [INFO] Creating commit: Auto backup - 2025-08-06 22:40:40
[2025-08-06 22:40:40] [INFO] Adding files to index...
[2025-08-06 22:40:40] [INFO] Creating commit...
[2025-08-06 22:40:40] [SUCCESS] Commit created successfully
[2025-08-06 22:40:40] [INFO] Pushing changes to branch: main
[2025-08-06 22:40:44] [SUCCESS] Changes pushed successfully
[2025-08-06 22:40:44] [SUCCESS] === Git backup completed successfully ===
[2025-08-06 22:40:44] [SUCCESS] Backup completed successfully
[2025-08-06 22:41:58] [INFO] === Starting Git backup for AnonChat ===
[2025-08-06 22:41:58] [INFO] Current branch: main
[2025-08-06 22:41:58] [INFO] Creating commit: 📚 Добавлена документация для Git бэкап скрипта
[2025-08-06 22:41:58] [INFO] Adding files to index...
[2025-08-06 22:41:58] [INFO] Creating commit...
[2025-08-06 22:41:59] [SUCCESS] Commit created successfully
[2025-08-06 22:41:59] [INFO] Pushing changes to branch: main
[2025-08-06 22:42:03] [SUCCESS] Changes pushed successfully
[2025-08-06 22:42:03] [SUCCESS] === Git backup completed successfully ===
[2025-08-06 22:42:03] [SUCCESS] Backup completed successfully
[2025-08-07 09:02:10] [INFO] === Starting Git backup for AnonChat ===
[2025-08-07 09:02:10] [INFO] Current branch: main
[2025-08-07 09:02:10] [INFO] Generated commit message: Auto backup - 2025-08-07 09:02:10
[2025-08-07 09:02:10] [INFO] Creating commit: Auto backup - 2025-08-07 09:02:10
[2025-08-07 09:02:10] [INFO] Adding files to index...
[2025-08-07 09:02:10] [INFO] Creating commit...
[2025-08-07 09:02:10] [SUCCESS] Commit created successfully
[2025-08-07 09:02:10] [INFO] Pushing changes to branch: main
[2025-08-07 09:02:13] [SUCCESS] Changes pushed successfully
[2025-08-07 09:02:13] [SUCCESS] === Git backup completed successfully ===
[2025-08-07 09:02:13] [SUCCESS] Backup completed successfully
[2025-08-09 08:46:42] [INFO] === Starting Git backup for AnonChat ===
[2025-08-09 08:46:42] [INFO] Current branch: feat/actions-bar
[2025-08-09 08:46:42] [INFO] Generated commit message: Auto backup - 2025-08-09 08:46:42
[2025-08-09 08:46:42] [INFO] Creating commit: Auto backup - 2025-08-09 08:46:42
[2025-08-09 08:46:42] [INFO] Adding files to index...
[2025-08-09 08:46:43] [INFO] Creating commit...
[2025-08-09 08:46:43] [SUCCESS] Commit created successfully
[2025-08-09 08:46:43] [INFO] Pushing changes to branch: feat/actions-bar
[2025-08-09 08:46:46] [SUCCESS] Changes pushed successfully
[2025-08-09 08:46:46] [SUCCESS] === Git backup completed successfully ===
[2025-08-09 08:46:46] [SUCCESS] Backup completed successfully
[2025-08-09 17:46:31] [INFO] === Starting Git backup for AnonChat ===
[2025-08-09 17:46:31] [INFO] Current branch: fix/qa-lite
[2025-08-09 17:46:31] [INFO] Generated commit message: Auto backup - 2025-08-09 17:46:31
[2025-08-09 17:46:31] [INFO] Creating commit: Auto backup - 2025-08-09 17:46:31
[2025-08-09 17:46:31] [INFO] Adding files to index...
[2025-08-09 17:46:32] [INFO] Creating commit...
[2025-08-09 17:46:32] [SUCCESS] Commit created successfully
[2025-08-09 17:46:32] [INFO] Pushing changes to branch: fix/qa-lite
[2025-08-09 17:46:37] [SUCCESS] Changes pushed successfully
[2025-08-09 17:46:37] [SUCCESS] === Git backup completed successfully ===
[2025-08-09 17:46:37] [SUCCESS] Backup completed successfully
